{"numFailedTestSuites":0,"numFailedTests":0,"numPassedTestSuites":49,"numPassedTests":264,"numPendingTestSuites":0,"numPendingTests":0,"numRuntimeErrorTestSuites":0,"numTodoTests":0,"numTotalTestSuites":49,"numTotalTests":264,"openHandles":[],"snapshot":{"added":0,"didUpdate":false,"failure":false,"filesAdded":0,"filesRemoved":0,"filesRemovedList":[],"filesUnmatched":0,"filesUpdated":0,"matched":0,"total":0,"unchecked":0,"uncheckedKeysByFile":[],"unmatched":0,"updated":0},"startTime":1790349361114,"success":true,"testResults":[{"assertionResults":[{"ancestorTitles":["CreateNewInvoices — finalize confirmation path against the real grid, FetchCalls, and balance envelope"],"failureMessages":[],"fullName":"CreateNewInvoices — finalize confirmation path against the real grid, FetchCalls, and balance envelope commits through the confirmation dialog, refreshes the real balance envelope, and leaves the grid selection clear","location":null,"status":"passed","title":"commits through the confirmation dialog, refreshes the real balance envelope, and leaves the grid selection clear"},{"ancestorTitles":["CreateNewInvoices — finalize confirmation path against the real grid, FetchCalls, and balance envelope"],"failureMessages":[],"fullName":"CreateNewInvoices — finalize confirmation path against the real grid, FetchCalls, and balance envelope R2: a real HTTP failure on the post-finalize balance refresh keeps the previous grid data on screen and warns, instead of permanent Loading","location":null,"status":"passed","title":"R2: a real HTTP failure on the post-finalize balance refresh keeps the previous grid data on screen and warns, instead of permanent Loading"},{"ancestorTitles":["CreateNewInvoices — finalize confirmation path against the real grid, FetchCalls, and balance envelope"],"failureMessages":[],"fullName":"CreateNewInvoices — finalize confirmation path against the real grid, FetchCalls, and balance envelope R3: a download failure plus an explicit refresh-error envelope leaves no checked rows; Submit reports the empty selection","location":null,"status":"passed","title":"R3: a download failure plus an explicit refresh-error envelope leaves no checked rows; Submit reports the empty selection"},{"ancestorTitles":["CreateNewInvoices — finalize confirmation path against the real grid, FetchCalls, and balance envelope"],"failureMessages":[],"fullName":"CreateNewInvoices — finalize confirmation path against the real grid, FetchCalls, and balance envelope R3: an all-skipped batch clears the grid selection so an immediate second Submit does not silently resubmit the same customer","location":null,"status":"passed","title":"R3: an all-skipped batch clears the grid selection so an immediate second Submit does not silently resubmit the same customer"},{"ancestorTitles":[],"failureMessages":[],"fullName":"a partial skip clears the selection but retains the skipped customer's note and write-off flag for the retry","location":null,"status":"passed","title":"a partial skip clears the selection but retains the skipped customer's note and write-off flag for the retry"}],"endTime":1790349370775,"message":"","name":"/Users/jonkimmel/Desktop/Code/JKA_stuff/DS2/DS2_Frontend/src/Pages/Invoices/CreateNewInvoice/CreateNewInvoices.finalize.test.js","startTime":1790349361471,"status":"passed","summary":""},{"assertionResults":[{"ancestorTitles":["CreateInvoiceGrid — bulk selection excludes billed-today rows, individual selection does not"],"failureMessages":[],"fullName":"CreateInvoiceGrid — bulk selection excludes billed-today rows, individual selection does not header select-all with one fresh and one billed-today row submits only the fresh one, and the UI shows the same","location":null,"status":"passed","title":"header select-all with one fresh and one billed-today row submits only the fresh one, and the UI shows the same"},{"ancestorTitles":["CreateInvoiceGrid — bulk selection excludes billed-today rows, individual selection does not"],"failureMessages":[],"fullName":"CreateInvoiceGrid — bulk selection excludes billed-today rows, individual selection does not a single billed-today row does not get swept in by header select-all (header is disabled with nothing eligible)","location":null,"status":"passed","title":"a single billed-today row does not get swept in by header select-all (header is disabled with nothing eligible)"},{"ancestorTitles":["CreateInvoiceGrid — bulk selection excludes billed-today rows, individual selection does not"],"failureMessages":[],"fullName":"CreateInvoiceGrid — bulk selection excludes billed-today rows, individual selection does not individual selection of a billed-today row stays possible via its own row checkbox","location":null,"status":"passed","title":"individual selection of a billed-today row stays possible via its own row checkbox"},{"ancestorTitles":["CreateInvoiceGrid — header checkbox keyboard operation and accessible mixed state"],"failureMessages":[],"fullName":"CreateInvoiceGrid — header checkbox keyboard operation and accessible mixed state Space on the focused header checkbox selects all eligible rows, and Space again deselects them","location":null,"status":"passed","title":"Space on the focused header checkbox selects all eligible rows, and Space again deselects them"},{"ancestorTitles":["CreateInvoiceGrid — header checkbox keyboard operation and accessible mixed state"],"failureMessages":[],"fullName":"CreateInvoiceGrid — header checkbox keyboard operation and accessible mixed state key-repeat while Space is held does not re-toggle the selection on every repeat tick","location":null,"status":"passed","title":"key-repeat while Space is held does not re-toggle the selection on every repeat tick"},{"ancestorTitles":["CreateInvoiceGrid — header checkbox keyboard operation and accessible mixed state"],"failureMessages":[],"fullName":"CreateInvoiceGrid — header checkbox keyboard operation and accessible mixed state a partial selection exposes aria-checked=\"mixed\" (assistive tech reads this; MUI's indeterminate prop is visual-only)","location":null,"status":"passed","title":"a partial selection exposes aria-checked=\"mixed\" (assistive tech reads this; MUI's indeterminate prop is visual-only)"},{"ancestorTitles":["CreateInvoiceGrid — header checkbox keyboard operation and accessible mixed state"],"failureMessages":[],"fullName":"CreateInvoiceGrid — header checkbox keyboard operation and accessible mixed state a filter change prunes hidden selections but keeps visible ones selected, and header clicks still work","location":null,"status":"passed","title":"a filter change prunes hidden selections but keeps visible ones selected, and header clicks still work"},{"ancestorTitles":[],"failureMessages":[],"fullName":"keeps zero-dollar customers with pending retainer events selectable","location":null,"status":"passed","title":"keeps zero-dollar customers with pending retainer events selectable"},{"ancestorTitles":["owner decision 2: explicit credit selection"],"failureMessages":[],"fullName":"owner decision 2: explicit credit selection shows credit, excludes it from bulk selection and includes it only after an individual choice","location":null,"status":"passed","title":"shows credit, excludes it from bulk selection and includes it only after an individual choice"},{"ancestorTitles":["owner decision 2: explicit credit selection"],"failureMessages":[],"fullName":"owner decision 2: explicit credit selection never selects a sole credit by keyboard bulk selection","location":null,"status":"passed","title":"never selects a sole credit by keyboard bulk selection"},{"ancestorTitles":[],"failureMessages":[],"fullName":"a selected debit becoming credit after refresh does not silently gain credit authorization","location":null,"status":"passed","title":"a selected debit becoming credit after refresh does not silently gain credit authorization"}],"endTime":1790349373266,"message":"","name":"/Users/jonkimmel/Desktop/Code/JKA_stuff/DS2/DS2_Frontend/src/Components/DataGrids/CreateInvoiceGrid.test.js","startTime":1790349370790,"status":"passed","summary":""},{"assertionResults":[{"ancestorTitles":[],"failureMessages":[],"fullName":"payment delete displays an HTTP 409 refusal without clearing the record","location":null,"status":"passed","title":"payment delete displays an HTTP 409 refusal without clearing the record"},{"ancestorTitles":[],"failureMessages":[],"fullName":"write-off delete displays an HTTP 409 refusal without clearing the record","location":null,"status":"passed","title":"write-off delete displays an HTTP 409 refusal without clearing the record"},{"ancestorTitles":[],"failureMessages":[],"fullName":"retainer delete displays an HTTP 409 refusal without clearing the record","location":null,"status":"passed","title":"retainer delete displays an HTTP 409 refusal without clearing the record"},{"ancestorTitles":[],"failureMessages":[],"fullName":"payment delete displays an HTTP 500 refusal without clearing the record","location":null,"status":"passed","title":"payment delete displays an HTTP 500 refusal without clearing the record"},{"ancestorTitles":[],"failureMessages":[],"fullName":"write-off delete displays an HTTP 500 refusal without clearing the record","location":null,"status":"passed","title":"write-off delete displays an HTTP 500 refusal without clearing the record"},{"ancestorTitles":[],"failureMessages":[],"fullName":"retainer delete displays an HTTP 500 refusal without clearing the record","location":null,"status":"passed","title":"retainer delete displays an HTTP 500 refusal without clearing the record"},{"ancestorTitles":[],"failureMessages":[],"fullName":"retainer deletion stays unavailable after a server failure checking linked payments","location":null,"status":"passed","title":"retainer deletion stays unavailable after a server failure checking linked payments"},{"ancestorTitles":[],"failureMessages":[],"fullName":"retainer deletion stays unavailable after a network failure checking linked payments","location":null,"status":"passed","title":"retainer deletion stays unavailable after a network failure checking linked payments"},{"ancestorTitles":[],"failureMessages":[],"fullName":"retainer deletion stays unavailable after a incomplete response checking linked payments","location":null,"status":"passed","title":"retainer deletion stays unavailable after a incomplete response checking linked payments"},{"ancestorTitles":[],"failureMessages":[],"fullName":"a retainer root with a linked payment explains the dependency and disables deletion","location":null,"status":"passed","title":"a retainer root with a linked payment explains the dependency and disables deletion"}],"endTime":1790349375194,"message":"","name":"/Users/jonkimmel/Desktop/Code/JKA_stuff/DS2/DS2_Frontend/src/Pages/Transactions/TransactionForms/DeleteTransaction/DeleteFinancial.failure.test.js","startTime":1790349373282,"status":"passed","summary":""},{"assertionResults":[{"ancestorTitles":[],"failureMessages":[],"fullName":"a stale/failing delete (409) displays the refusal and preserves the form","location":null,"status":"passed","title":"a stale/failing delete (409) displays the refusal and preserves the form"},{"ancestorTitles":[],"failureMessages":[],"fullName":"a stale/failing delete (500) displays the refusal and preserves the form","location":null,"status":"passed","title":"a stale/failing delete (500) displays the refusal and preserves the form"},{"ancestorTitles":[],"failureMessages":[],"fullName":"the transaction can arrive before lookup lists without crashing or losing its customer ID","location":null,"status":"passed","title":"the transaction can arrive before lookup lists without crashing or losing its customer ID"}],"endTime":1790349376068,"message":"","name":"/Users/jonkimmel/Desktop/Code/JKA_stuff/DS2/DS2_Frontend/src/Pages/Transactions/TransactionForms/DeleteTransaction/DeleteTimeOrCharge.failure.test.js","startTime":1790349375209,"status":"passed","summary":""},{"assertionResults":[{"ancestorTitles":[],"failureMessages":[],"fullName":"explains invalid amount garbage without showing a NaN balance","location":null,"status":"passed","title":"explains invalid amount garbage without showing a NaN balance"},{"ancestorTitles":[],"failureMessages":[],"fullName":"explains invalid amount -1 without showing a NaN balance","location":null,"status":"passed","title":"explains invalid amount -1 without showing a NaN balance"},{"ancestorTitles":[],"failureMessages":[],"fullName":"explains invalid amount 0 without showing a NaN balance","location":null,"status":"passed","title":"explains invalid amount 0 without showing a NaN balance"},{"ancestorTitles":[],"failureMessages":[],"fullName":"explains invalid amount 1.001 without showing a NaN balance","location":null,"status":"passed","title":"explains invalid amount 1.001 without showing a NaN balance"},{"ancestorTitles":[],"failureMessages":[],"fullName":"shows the sent boundary and immutable event history","location":null,"status":"passed","title":"shows the sent boundary and immutable event history"},{"ancestorTitles":[],"failureMessages":[],"fullName":"requires confirmation and records actor-attributed refund fields then refreshes","location":null,"status":"passed","title":"requires confirmation and records actor-attributed refund fields then refreshes"},{"ancestorTitles":[],"failureMessages":[],"fullName":"does not submit unavailable funds and invalidates confirmation when amount changes","location":null,"status":"passed","title":"does not submit unavailable funds and invalidates confirmation when amount changes"},{"ancestorTitles":[],"failureMessages":[],"fullName":"supports increasing an exhausted chain without refund evidence","location":null,"status":"passed","title":"supports increasing an exhausted chain without refund evidence"},{"ancestorTitles":[],"failureMessages":[],"fullName":"keeps failed submissions reviewable and shows load failures","location":null,"status":"passed","title":"keeps failed submissions reviewable and shows load failures"},{"ancestorTitles":[],"failureMessages":[],"fullName":"shows read errors and empty retainer guidance","location":null,"status":"passed","title":"shows read errors and empty retainer guidance"},{"ancestorTitles":[],"failureMessages":[],"fullName":"selects newly loaded roots and replaces a selection when the customer changes","location":null,"status":"passed","title":"selects newly loaded roots and replaces a selection when the customer changes"}],"endTime":1790349376761,"message":"","name":"/Users/jonkimmel/Desktop/Code/JKA_stuff/DS2/DS2_Frontend/src/Pages/Customer/CustomerProfile/RetainerEvents.test.js","startTime":1790349376083,"status":"passed","summary":""},{"assertionResults":[{"ancestorTitles":[],"failureMessages":[],"fullName":"shows both records and requires a reason before a review action","location":null,"status":"passed","title":"shows both records and requires a reason before a review action"},{"ancestorTitles":[],"failureMessages":[],"fullName":"confirms removal and surfaces conflict without claiming success","location":null,"status":"passed","title":"confirms removal and surfaces conflict without claiming success"},{"ancestorTitles":[],"failureMessages":[],"fullName":"offers invoice history and disables removal for sent records","location":null,"status":"passed","title":"offers invoice history and disables removal for sent records"},{"ancestorTitles":[],"failureMessages":[],"fullName":"scans with a reason and includes resolved history on request","location":null,"status":"passed","title":"scans with a reason and includes resolved history on request"},{"ancestorTitles":[],"failureMessages":[],"fullName":"manually flags a record and requires a valid positive ID","location":null,"status":"passed","title":"manually flags a record and requires a valid positive ID"},{"ancestorTitles":[],"failureMessages":[],"fullName":"shows read failure and prevents removal of missing records","location":null,"status":"passed","title":"shows read failure and prevents removal of missing records"}],"endTime":1790349377358,"message":"","name":"/Users/jonkimmel/Desktop/Code/JKA_stuff/DS2/DS2_Frontend/src/Pages/Transactions/Duplicates/PossibleDuplicates.test.js","startTime":1790349376766,"status":"passed","summary":""},{"assertionResults":[{"ancestorTitles":[],"failureMessages":[],"fullName":"a missing atomic route (non-JSON 404) makes exactly one POST, no fallback request, and a hard-stop message","location":null,"status":"passed","title":"a missing atomic route (non-JSON 404) makes exactly one POST, no fallback request, and a hard-stop message"},{"ancestorTitles":[],"failureMessages":[],"fullName":"the API's own JSON 404 is shown as an error, not treated as a missing route","location":null,"status":"passed","title":"the API's own JSON 404 is shown as an error, not treated as a missing route"},{"ancestorTitles":[],"failureMessages":[],"fullName":"after a successful approval Submit is disabled and another click sends no second POST","location":null,"status":"passed","title":"after a successful approval Submit is disabled and another click sends no second POST"}],"endTime":1790349378053,"message":"","name":"/Users/jonkimmel/Desktop/Code/JKA_stuff/DS2/DS2_Frontend/src/Pages/Transactions/PendingPayments/components/ReviewPaymentDialog.test.js","startTime":1790349377364,"status":"passed","summary":""},{"assertionResults":[{"ancestorTitles":["ServerStatus"],"failureMessages":[],"fullName":"ServerStatus requests server health immediately and every 60 seconds","location":null,"status":"passed","title":"requests server health immediately and every 60 seconds"}],"endTime":1790349378501,"message":"","name":"/Users/jonkimmel/Desktop/Code/JKA_stuff/DS2/DS2_Frontend/src/Layouts/Drawer/ServerStatus.test.jsx","startTime":1790349378058,"status":"passed","summary":""},{"assertionResults":[{"ancestorTitles":[],"failureMessages":[],"fullName":"allows Admin and shows deterministic changes, amounts and Phoenix time","location":null,"status":"passed","title":"allows Admin and shows deterministic changes, amounts and Phoenix time"},{"ancestorTitles":[],"failureMessages":[],"fullName":"allows Super Admin and shows deterministic changes, amounts and Phoenix time","location":null,"status":"passed","title":"allows Super Admin and shows deterministic changes, amounts and Phoenix time"},{"ancestorTitles":[],"failureMessages":[],"fullName":"refuses User before fetching and protects direct navigation","location":null,"status":"passed","title":"refuses User before fetching and protects direct navigation"},{"ancestorTitles":[],"failureMessages":[],"fullName":"refuses Manager before fetching and protects direct navigation","location":null,"status":"passed","title":"refuses Manager before fetching and protects direct navigation"},{"ancestorTitles":[],"failureMessages":[],"fullName":"refuses Owner before fetching and protects direct navigation","location":null,"status":"passed","title":"refuses Owner before fetching and protects direct navigation"},{"ancestorTitles":[],"failureMessages":[],"fullName":"refuses  before fetching and protects direct navigation","location":null,"status":"passed","title":"refuses  before fetching and protects direct navigation"},{"ancestorTitles":[],"failureMessages":[],"fullName":"uses a separate guard allowing Admin without widening AI Audit","location":null,"status":"passed","title":"uses a separate guard allowing Admin without widening AI Audit"},{"ancestorTitles":[],"failureMessages":[],"fullName":"filters and paginates history and records independently","location":null,"status":"passed","title":"filters and paginates history and records independently"},{"ancestorTitles":[],"failureMessages":[],"fullName":"validates reversed ranges without fetching","location":null,"status":"passed","title":"validates reversed ranges without fetching"},{"ancestorTitles":[],"failureMessages":[],"fullName":"prints the applied range, reopens its ID and reopens older stored bytes without regeneration","location":null,"status":"passed","title":"prints the applied range, reopens its ID and reopens older stored bytes without regeneration"},{"ancestorTitles":[],"failureMessages":[],"fullName":"verifies and reports integrity failures","location":null,"status":"passed","title":"verifies and reports integrity failures"},{"ancestorTitles":[],"failureMessages":[],"fullName":"shows load and print failures and allows retry","location":null,"status":"passed","title":"shows load and print failures and allows retry"},{"ancestorTitles":[],"failureMessages":[],"fullName":"ignores a slower response for a previous customer","location":null,"status":"passed","title":"ignores a slower response for a previous customer"},{"ancestorTitles":[],"failureMessages":[],"fullName":"renders empty and reconstructed history honestly","location":null,"status":"passed","title":"renders empty and reconstructed history honestly"},{"ancestorTitles":[],"failureMessages":[],"fullName":"offers full evidence printing and shows type without exposing raw fields or payloads","location":null,"status":"passed","title":"offers full evidence printing and shows type without exposing raw fields or payloads"},{"ancestorTitles":[],"failureMessages":[],"fullName":"shows one archive summary with its full change count and plain verification instructions","location":null,"status":"passed","title":"shows one archive summary with its full change count and plain verification instructions"}],"endTime":1790349379050,"message":"","name":"/Users/jonkimmel/Desktop/Code/JKA_stuff/DS2/DS2_Frontend/src/Pages/Customer/CustomerProfile/CustomerProfileAuditRecord.test.js","startTime":1790349378507,"status":"passed","summary":""},{"assertionResults":[{"ancestorTitles":[],"failureMessages":[],"fullName":"Payment serializes a pending submit and preserves a server refusal for retry","location":null,"status":"passed","title":"Payment serializes a pending submit and preserves a server refusal for retry"},{"ancestorTitles":[],"failureMessages":[],"fullName":"Write-off serializes a pending submit and preserves a server refusal for retry","location":null,"status":"passed","title":"Write-off serializes a pending submit and preserves a server refusal for retry"},{"ancestorTitles":[],"failureMessages":[],"fullName":"Retainer serializes a pending submit and preserves a server refusal for retry","location":null,"status":"passed","title":"Retainer serializes a pending submit and preserves a server refusal for retry"},{"ancestorTitles":[],"failureMessages":[],"fullName":"Charge serializes a pending submit and preserves a server refusal for retry","location":null,"status":"passed","title":"Charge serializes a pending submit and preserves a server refusal for retry"},{"ancestorTitles":[],"failureMessages":[],"fullName":"Time serializes a pending submit and preserves a server refusal for retry","location":null,"status":"passed","title":"Time serializes a pending submit and preserves a server refusal for retry"},{"ancestorTitles":[],"failureMessages":[],"fullName":"Payment catches a failed request and re-enables submission without losing the form","location":null,"status":"passed","title":"Payment catches a failed request and re-enables submission without losing the form"},{"ancestorTitles":[],"failureMessages":[],"fullName":"Write-off catches a failed request and re-enables submission without losing the form","location":null,"status":"passed","title":"Write-off catches a failed request and re-enables submission without losing the form"},{"ancestorTitles":[],"failureMessages":[],"fullName":"Retainer catches a failed request and re-enables submission without losing the form","location":null,"status":"passed","title":"Retainer catches a failed request and re-enables submission without losing the form"},{"ancestorTitles":[],"failureMessages":[],"fullName":"Charge catches a failed request and re-enables submission without losing the form","location":null,"status":"passed","title":"Charge catches a failed request and re-enables submission without losing the form"},{"ancestorTitles":[],"failureMessages":[],"fullName":"Time catches a failed request and re-enables submission without losing the form","location":null,"status":"passed","title":"Time catches a failed request and re-enables submission without losing the form"},{"ancestorTitles":[],"failureMessages":[],"fullName":"Payment refuses an empty form without a request","location":null,"status":"passed","title":"Payment refuses an empty form without a request"},{"ancestorTitles":[],"failureMessages":[],"fullName":"Write-off refuses an empty form without a request","location":null,"status":"passed","title":"Write-off refuses an empty form without a request"},{"ancestorTitles":[],"failureMessages":[],"fullName":"Retainer refuses an empty form without a request","location":null,"status":"passed","title":"Retainer refuses an empty form without a request"},{"ancestorTitles":[],"failureMessages":[],"fullName":"Charge refuses an empty form without a request","location":null,"status":"passed","title":"Charge refuses an empty form without a request"},{"ancestorTitles":[],"failureMessages":[],"fullName":"Time refuses an empty form without a request","location":null,"status":"passed","title":"Time refuses an empty form without a request"}],"endTime":1790349379481,"message":"","name":"/Users/jonkimmel/Desktop/Code/JKA_stuff/DS2/DS2_Frontend/src/Pages/Transactions/TransactionForms/AddTransaction/FinancialSubmission.test.js","startTime":1790349379060,"status":"passed","summary":""},{"assertionResults":[{"ancestorTitles":["ExpandableGrid — toolbar stays mounted across parent re-renders"],"failureMessages":[],"fullName":"ExpandableGrid — toolbar stays mounted across parent re-renders keeps an open \"Add\" dialog open after the parent re-renders","location":null,"status":"passed","title":"keeps an open \"Add\" dialog open after the parent re-renders"},{"ancestorTitles":["ExpandableGrid — toolbar stays mounted across parent re-renders"],"failureMessages":[],"fullName":"ExpandableGrid — toolbar stays mounted across parent re-renders keeps in-progress quick-filter text after the parent re-renders","location":null,"status":"passed","title":"keeps in-progress quick-filter text after the parent re-renders"}],"endTime":1790349379773,"message":"","name":"/Users/jonkimmel/Desktop/Code/JKA_stuff/DS2/DS2_Frontend/src/Components/DataGrids/ExpandableGrid.test.js","startTime":1790349379486,"status":"passed","summary":""},{"assertionResults":[{"ancestorTitles":[],"failureMessages":[],"fullName":"shows the lock and reprints the original without a money mutation","location":null,"status":"passed","title":"shows the lock and reprints the original without a money mutation"},{"ancestorTitles":[],"failureMessages":[],"fullName":"requires both a reason and selected payment before recording a flag","location":null,"status":"passed","title":"requires both a reason and selected payment before recording a flag"},{"ancestorTitles":[],"failureMessages":[],"fullName":"shows refusal and keeps the flag form available for retry","location":null,"status":"passed","title":"shows refusal and keeps the flag form available for retry"},{"ancestorTitles":[],"failureMessages":[],"fullName":"only offers reversal and cancellation while flagged","location":null,"status":"passed","title":"only offers reversal and cancellation while flagged"},{"ancestorTitles":[],"failureMessages":[],"fullName":"resolves reversed exception with revision","location":null,"status":"passed","title":"resolves reversed exception with revision"},{"ancestorTitles":[],"failureMessages":[],"fullName":"resolves reversed exception with roll_forward","location":null,"status":"passed","title":"resolves reversed exception with roll_forward"},{"ancestorTitles":[],"failureMessages":[],"fullName":"shows history and download failures","location":null,"status":"passed","title":"shows history and download failures"},{"ancestorTitles":[],"failureMessages":[],"fullName":"shows a history load error","location":null,"status":"passed","title":"shows a history load error"},{"ancestorTitles":[],"failureMessages":[],"fullName":"reports the refreshed current balance after correction and shows cancellation evidence","location":null,"status":"passed","title":"reports the refreshed current balance after correction and shows cancellation evidence"},{"ancestorTitles":[],"failureMessages":[],"fullName":"explains how to reprint the complete revision package","location":null,"status":"passed","title":"explains how to reprint the complete revision package"}],"endTime":1790349380095,"message":"","name":"/Users/jonkimmel/Desktop/Code/JKA_stuff/DS2/DS2_Frontend/src/Pages/Invoices/InvoiceDetails/InvoiceHistory.test.js","startTime":1790349379780,"status":"passed","summary":""},{"assertionResults":[{"ancestorTitles":["EditCustomerProfile — body-status 404 profileData"],"failureMessages":[],"fullName":"EditCustomerProfile — body-status 404 profileData does not throw on a body-status {status: 404} profileData, and navigates away instead","location":null,"status":"passed","title":"does not throw on a body-status {status: 404} profileData, and navigates away instead"},{"ancestorTitles":["EditCustomerProfile — body-status 404 profileData"],"failureMessages":[],"fullName":"EditCustomerProfile — body-status 404 profileData navigates away for a missing profileData too (pre-existing \"nothing loaded yet\" path)","location":null,"status":"passed","title":"navigates away for a missing profileData too (pre-existing \"nothing loaded yet\" path)"},{"ancestorTitles":["EditCustomerProfile — body-status 404 profileData"],"failureMessages":[],"fullName":"EditCustomerProfile — body-status 404 profileData renders the edit form (does not navigate away) for a genuine successful profile load","location":null,"status":"passed","title":"renders the edit form (does not navigate away) for a genuine successful profile load"},{"ancestorTitles":["EditCustomerProfile — first/last name split"],"failureMessages":[],"fullName":"EditCustomerProfile — first/last name split splits a multi-word first name on the LAST space, not the first","location":null,"status":"passed","title":"splits a multi-word first name on the LAST space, not the first"},{"ancestorTitles":["EditCustomerProfile — first/last name split"],"failureMessages":[],"fullName":"EditCustomerProfile — first/last name split still splits a single-word first / single-word last name correctly","location":null,"status":"passed","title":"still splits a single-word first / single-word last name correctly"},{"ancestorTitles":["EditCustomerProfile — first/last name split"],"failureMessages":[],"fullName":"EditCustomerProfile — first/last name split handles a name with no space at all (First Name gets everything, Last Name empty)","location":null,"status":"passed","title":"handles a name with no space at all (First Name gets everything, Last Name empty)"},{"ancestorTitles":["EditCustomerProfile — first/last name split"],"failureMessages":[],"fullName":"EditCustomerProfile — first/last name split prefers separately-stored customer_first_name/customer_last_name over splitting customer_name when the profile provides them","location":null,"status":"passed","title":"prefers separately-stored customer_first_name/customer_last_name over splitting customer_name when the profile provides them"},{"ancestorTitles":["EditCustomerProfile — first/last name split"],"failureMessages":[],"fullName":"EditCustomerProfile — first/last name split a name that is multi-word on both sides cannot be split back exactly (documented limitation)","location":null,"status":"passed","title":"a name that is multi-word on both sides cannot be split back exactly (documented limitation)"}],"endTime":1790349380415,"message":"","name":"/Users/jonkimmel/Desktop/Code/JKA_stuff/DS2/DS2_Frontend/src/Pages/Customer/CustomerProfile/EditCustomerProfile.test.js","startTime":1790349380103,"status":"passed","summary":""},{"assertionResults":[{"ancestorTitles":["PaginationGrid — toolbar stays mounted across parent re-renders"],"failureMessages":[],"fullName":"PaginationGrid — toolbar stays mounted across parent re-renders keeps an open \"Add\" dialog open after the parent re-renders","location":null,"status":"passed","title":"keeps an open \"Add\" dialog open after the parent re-renders"},{"ancestorTitles":["PaginationGrid — toolbar stays mounted across parent re-renders"],"failureMessages":[],"fullName":"PaginationGrid — toolbar stays mounted across parent re-renders keeps in-progress quick-filter text after the parent re-renders","location":null,"status":"passed","title":"keeps in-progress quick-filter text after the parent re-renders"}],"endTime":1790349380722,"message":"","name":"/Users/jonkimmel/Desktop/Code/JKA_stuff/DS2/DS2_Frontend/src/Components/DataGrids/PaginationGrid.test.js","startTime":1790349380435,"status":"passed","summary":""},{"assertionResults":[{"ancestorTitles":[],"failureMessages":[],"fullName":"identifies a sent transaction and disables inline editing","location":null,"status":"passed","title":"identifies a sent transaction and disables inline editing"}],"endTime":1790349381042,"message":"","name":"/Users/jonkimmel/Desktop/Code/JKA_stuff/DS2/DS2_Frontend/src/Pages/Transactions/BillingReview/tabs/ConsolidatedTab.test.js","startTime":1790349380733,"status":"passed","summary":""},{"assertionResults":[{"ancestorTitles":["CreateNewInvoices — committed results survive follow-up failures"],"failureMessages":[],"fullName":"CreateNewInvoices — committed results survive follow-up failures success + download failure keeps the success result visible and adds a warning","location":null,"status":"passed","title":"success + download failure keeps the success result visible and adds a warning"},{"ancestorTitles":["CreateNewInvoices — committed results survive follow-up failures"],"failureMessages":[],"fullName":"CreateNewInvoices — committed results survive follow-up failures an all-skipped batch keeps its skip details visible well past the old 2-second auto-clear","location":null,"status":"passed","title":"an all-skipped batch keeps its skip details visible well past the old 2-second auto-clear"},{"ancestorTitles":["CreateNewInvoices — committed results survive follow-up failures"],"failureMessages":[],"fullName":"CreateNewInvoices — committed results survive follow-up failures shows the skipped customer's existing invoice number","location":null,"status":"passed","title":"shows the skipped customer's existing invoice number"},{"ancestorTitles":["CreateNewInvoices — committed results survive follow-up failures"],"failureMessages":[],"fullName":"CreateNewInvoices — committed results survive follow-up failures dismisses the result only when the user closes the alert","location":null,"status":"passed","title":"dismisses the result only when the user closes the alert"}],"endTime":1790349381289,"message":"","name":"/Users/jonkimmel/Desktop/Code/JKA_stuff/DS2/DS2_Frontend/src/Pages/Invoices/CreateNewInvoice/CreateNewInvoices.test.js","startTime":1790349381046,"status":"passed","summary":""},{"assertionResults":[{"ancestorTitles":[],"failureMessages":[],"fullName":"refresh preserves the open form, its draft and success message","location":null,"status":"passed","title":"refresh preserves the open form, its draft and success message"}],"endTime":1790349381539,"message":"","name":"/Users/jonkimmel/Desktop/Code/JKA_stuff/DS2/DS2_Frontend/src/Components/DataGrids/DataGrid.test.js","startTime":1790349381293,"status":"passed","summary":""},{"assertionResults":[{"ancestorTitles":["InvoicesGrid — stable row identity"],"failureMessages":[],"fullName":"InvoicesGrid — stable row identity renders multiple distinct, in-range customer_invoice_id rows, proving getRowId does not collide","location":null,"status":"passed","title":"renders multiple distinct, in-range customer_invoice_id rows, proving getRowId does not collide"}],"endTime":1790349381755,"message":"","name":"/Users/jonkimmel/Desktop/Code/JKA_stuff/DS2/DS2_Frontend/src/Pages/Invoices/InvoiceGrids/InvoicesGrid.test.js","startTime":1790349381544,"status":"passed","summary":""},{"assertionResults":[{"ancestorTitles":["CreateInvoiceCheckBoxes — Allow same-day re-bill"],"failureMessages":[],"fullName":"CreateInvoiceCheckBoxes — Allow same-day re-bill is disabled when no selected row was already billed today","location":null,"status":"passed","title":"is disabled when no selected row was already billed today"},{"ancestorTitles":["CreateInvoiceCheckBoxes — Allow same-day re-bill"],"failureMessages":[],"fullName":"CreateInvoiceCheckBoxes — Allow same-day re-bill is enabled once a selected row was already billed today","location":null,"status":"passed","title":"is enabled once a selected row was already billed today"},{"ancestorTitles":["CreateInvoiceCheckBoxes — Allow same-day re-bill"],"failureMessages":[],"fullName":"CreateInvoiceCheckBoxes — Allow same-day re-bill reports allowSameDayRebill=true on check","location":null,"status":"passed","title":"reports allowSameDayRebill=true on check"},{"ancestorTitles":["CreateInvoiceCheckBoxes — Allow same-day re-bill"],"failureMessages":[],"fullName":"CreateInvoiceCheckBoxes — Allow same-day re-bill reflects a checked state from invoiceCreationSettings","location":null,"status":"passed","title":"reflects a checked state from invoiceCreationSettings"}],"endTime":1790349381932,"message":"","name":"/Users/jonkimmel/Desktop/Code/JKA_stuff/DS2/DS2_Frontend/src/Pages/Invoices/CreateNewInvoice/SubComponents/CreateInvoiceCheckBoxes.test.js","startTime":1790349381761,"status":"passed","summary":""},{"assertionResults":[{"ancestorTitles":[],"failureMessages":[],"fullName":"shows a signed credit and no payment due, including its statement-age bucket","location":null,"status":"passed","title":"shows a signed credit and no payment due, including its statement-age bucket"}],"endTime":1790349382088,"message":"","name":"/Users/jonkimmel/Desktop/Code/JKA_stuff/DS2/DS2_Frontend/src/Pages/AccountsReceivable/AccountsReceivablePage.credit.test.js","startTime":1790349381937,"status":"passed","summary":""},{"assertionResults":[{"ancestorTitles":[],"failureMessages":[],"fullName":"adds Audit Record next to AI Audit with separate admin visibility","location":null,"status":"passed","title":"adds Audit Record next to AI Audit with separate admin visibility"},{"ancestorTitles":["CustomerProfileSubRoutes — gates children on a successful load"],"failureMessages":[],"fullName":"CustomerProfileSubRoutes — gates children on a successful load shows a loading indicator before the fetch resolves, not an empty/broken tab","location":null,"status":"passed","title":"shows a loading indicator before the fetch resolves, not an empty/broken tab"},{"ancestorTitles":["CustomerProfileSubRoutes — gates children on a successful load"],"failureMessages":[],"fullName":"CustomerProfileSubRoutes — gates children on a successful load shows an Alert and no tab content on a real HTTP 404 (fetch helper's {status, message} shape)","location":null,"status":"passed","title":"shows an Alert and no tab content on a real HTTP 404 (fetch helper's {status, message} shape)"},{"ancestorTitles":["CustomerProfileSubRoutes — gates children on a successful load"],"failureMessages":[],"fullName":"CustomerProfileSubRoutes — gates children on a successful load shows an Alert and no tab content on a body-status 404 (HTTP 200, {status: 404} payload)","location":null,"status":"passed","title":"shows an Alert and no tab content on a body-status 404 (HTTP 200, {status: 404} payload)"},{"ancestorTitles":["CustomerProfileSubRoutes — gates children on a successful load"],"failureMessages":[],"fullName":"CustomerProfileSubRoutes — gates children on a successful load falls back to a default message when the error response carries none","location":null,"status":"passed","title":"falls back to a default message when the error response carries none"},{"ancestorTitles":["CustomerProfileSubRoutes — gates children on a successful load"],"failureMessages":[],"fullName":"CustomerProfileSubRoutes — gates children on a successful load renders the tab content on a genuine successful load","location":null,"status":"passed","title":"renders the tab content on a genuine successful load"},{"ancestorTitles":["CustomerProfileSubRoutes — gates children on a successful load"],"failureMessages":[],"fullName":"CustomerProfileSubRoutes — gates children on a successful load discards an obsolete response: navigating to a second customer before the first resolves only ever shows the second","location":null,"status":"passed","title":"discards an obsolete response: navigating to a second customer before the first resolves only ever shows the second"}],"endTime":1790349382234,"message":"","name":"/Users/jonkimmel/Desktop/Code/JKA_stuff/DS2/DS2_Frontend/src/Routes/GroupedRoutes/CustomerRoutes/CustomerProfileSubRoutes.test.js","startTime":1790349382092,"status":"passed","summary":""},{"assertionResults":[{"ancestorTitles":[],"failureMessages":[],"fullName":"uses a six-minute spinner and bills a typed quarter hour as 0.3h while retaining15 raw minutes","location":null,"status":"passed","title":"uses a six-minute spinner and bills a typed quarter hour as 0.3h while retaining15 raw minutes"},{"ancestorTitles":[],"failureMessages":[],"fullName":"opening historical explicit hours preserves its loaded quantity/rate until the user changes time","location":null,"status":"passed","title":"opening historical explicit hours preserves its loaded quantity/rate until the user changes time"}],"endTime":1790349382368,"message":"","name":"/Users/jonkimmel/Desktop/Code/JKA_stuff/DS2/DS2_Frontend/src/Pages/Transactions/TransactionForms/AddTransaction/FormSubComponents/TimeOptions.test.js","startTime":1790349382238,"status":"passed","summary":""},{"assertionResults":[{"ancestorTitles":[],"failureMessages":[],"fullName":"Transactions refresh preserves focus in an in-progress form","location":null,"status":"passed","title":"Transactions refresh preserves focus in an in-progress form"},{"ancestorTitles":[],"failureMessages":[],"fullName":"Payments refresh preserves focus in an in-progress form","location":null,"status":"passed","title":"Payments refresh preserves focus in an in-progress form"},{"ancestorTitles":[],"failureMessages":[],"fullName":"Write-offs refresh preserves focus in an in-progress form","location":null,"status":"passed","title":"Write-offs refresh preserves focus in an in-progress form"}],"endTime":1790349382498,"message":"","name":"/Users/jonkimmel/Desktop/Code/JKA_stuff/DS2/DS2_Frontend/src/Pages/Transactions/TransactionGrids/GridFocus.test.js","startTime":1790349382372,"status":"passed","summary":""},{"assertionResults":[{"ancestorTitles":[],"failureMessages":[],"fullName":"an out-of-order (obsolete) response is dropped: input, rows, and the shared list all stay on the newer search","location":null,"status":"passed","title":"an out-of-order (obsolete) response is dropped: input, rows, and the shared list all stay on the newer search"},{"ancestorTitles":[],"failureMessages":[],"fullName":"a page change while a search fetch is still in flight refetches the current search, and the stale response loses even if it resolves later","location":null,"status":"passed","title":"a page change while a search fetch is still in flight refetches the current search, and the stale response loses even if it resolves later"},{"ancestorTitles":[],"failureMessages":[],"fullName":"a shared \"payments:updated\" event refetches the grid's current page/search and never writes a page into the shared list","location":null,"status":"passed","title":"a shared \"payments:updated\" event refetches the grid's current page/search and never writes a page into the shared list"}],"endTime":1790349382614,"message":"","name":"/Users/jonkimmel/Desktop/Code/JKA_stuff/DS2/DS2_Frontend/src/Pages/Transactions/TransactionGrids/PaymentsGrid.test.js","startTime":1790349382502,"status":"passed","summary":""},{"assertionResults":[{"ancestorTitles":[],"failureMessages":[],"fullName":"F35 keeps same-name employee cards distinct across current and prior years","location":null,"status":"passed","title":"F35 keeps same-name employee cards distinct across current and prior years"}],"endTime":1790349382730,"message":"","name":"/Users/jonkimmel/Desktop/Code/JKA_stuff/DS2/DS2_Frontend/src/Pages/Analytics/TaxSeasonCapacityPage.identities.test.js","startTime":1790349382618,"status":"passed","summary":""},{"assertionResults":[{"ancestorTitles":[],"failureMessages":[],"fullName":"the sent work screen renders its lock while lookups are loading","location":null,"status":"passed","title":"the sent work screen renders its lock while lookups are loading"},{"ancestorTitles":[],"failureMessages":[],"fullName":"the sent payment screen renders its lock while lookups are loading","location":null,"status":"passed","title":"the sent payment screen renders its lock while lookups are loading"},{"ancestorTitles":[],"failureMessages":[],"fullName":"the sent write-off screen renders its lock while lookups are loading","location":null,"status":"passed","title":"the sent write-off screen renders its lock while lookups are loading"},{"ancestorTitles":[],"failureMessages":[],"fullName":"the sent retainer screen renders its lock while lookups are loading","location":null,"status":"passed","title":"the sent retainer screen renders its lock while lookups are loading"}],"endTime":1790349382843,"message":"","name":"/Users/jonkimmel/Desktop/Code/JKA_stuff/DS2/DS2_Frontend/src/Pages/Transactions/TransactionForms/DeleteTransaction/SentScreens.test.js","startTime":1790349382734,"status":"passed","summary":""},{"assertionResults":[{"ancestorTitles":[],"failureMessages":[],"fullName":"F13 shows cash, retainer and invoice-tagged receipts once without changing amount due","location":null,"status":"passed","title":"F13 shows cash, retainer and invoice-tagged receipts once without changing amount due"}],"endTime":1790349382955,"message":"","name":"/Users/jonkimmel/Desktop/Code/JKA_stuff/DS2/DS2_Frontend/src/Pages/Customer/CustomerProfile/CustomerProfile.payments.test.js","startTime":1790349382850,"status":"passed","summary":""},{"assertionResults":[{"ancestorTitles":[],"failureMessages":[],"fullName":"replaces ordinary reversal controls with the audited exception link on a locked receipt","location":null,"status":"passed","title":"replaces ordinary reversal controls with the audited exception link on a locked receipt"}],"endTime":1790349383060,"message":"","name":"/Users/jonkimmel/Desktop/Code/JKA_stuff/DS2/DS2_Frontend/src/Pages/Transactions/TransactionForms/ReversePayment/ReversePayment.test.js","startTime":1790349382959,"status":"passed","summary":""},{"assertionResults":[{"ancestorTitles":["CascadeImpactPanel"],"failureMessages":[],"fullName":"CascadeImpactPanel renders nothing when no side effects","location":null,"status":"passed","title":"renders nothing when no side effects"},{"ancestorTitles":["CascadeImpactPanel"],"failureMessages":[],"fullName":"CascadeImpactPanel shows \"Transaction updated\" for any side effect","location":null,"status":"passed","title":"shows \"Transaction updated\" for any side effect"},{"ancestorTitles":["CascadeImpactPanel"],"failureMessages":[],"fullName":"CascadeImpactPanel adds the AI-training line when training_example_written is present","location":null,"status":"passed","title":"adds the AI-training line when training_example_written is present"},{"ancestorTitles":["CascadeImpactPanel"],"failureMessages":[],"fullName":"CascadeImpactPanel hides job-recalc and invoice-recalc detail lines from the user","location":null,"status":"passed","title":"hides job-recalc and invoice-recalc detail lines from the user"}],"endTime":1790349383165,"message":"","name":"/Users/jonkimmel/Desktop/Code/JKA_stuff/DS2/DS2_Frontend/src/Pages/Transactions/BillingReview/components/CascadeImpactPanel.test.js","startTime":1790349383065,"status":"passed","summary":""},{"assertionResults":[{"ancestorTitles":["HoldReasonBadge"],"failureMessages":[],"fullName":"HoldReasonBadge renders the friendly label for a known hold reason","location":null,"status":"passed","title":"renders the friendly label for a known hold reason"},{"ancestorTitles":["HoldReasonBadge"],"failureMessages":[],"fullName":"HoldReasonBadge falls back to the raw reason for an unknown value","location":null,"status":"passed","title":"falls back to the raw reason for an unknown value"},{"ancestorTitles":["HoldReasonBadge"],"failureMessages":[],"fullName":"HoldReasonBadge handles missing reason gracefully","location":null,"status":"passed","title":"handles missing reason gracefully"},{"ancestorTitles":["HoldReasonBadge"],"failureMessages":[],"fullName":"HoldReasonBadge renders distinct labels for the seven primary hold reasons","location":null,"status":"passed","title":"renders distinct labels for the seven primary hold reasons"},{"ancestorTitles":["HoldReasonBadge"],"failureMessages":[],"fullName":"HoldReasonBadge renders the two newer hold reasons (auto-ingest-orchestrator.js HOLD_REASONS)","location":null,"status":"passed","title":"renders the two newer hold reasons (auto-ingest-orchestrator.js HOLD_REASONS)"}],"endTime":1790349383267,"message":"","name":"/Users/jonkimmel/Desktop/Code/JKA_stuff/DS2/DS2_Frontend/src/Pages/Transactions/BillingReview/components/HoldReasonBadge.test.js","startTime":1790349383168,"status":"passed","summary":""},{"assertionResults":[{"ancestorTitles":["App"],"failureMessages":[],"fullName":"App renders the login screen when no session is active","location":null,"status":"passed","title":"renders the login screen when no session is active"}],"endTime":1790349383369,"message":"","name":"/Users/jonkimmel/Desktop/Code/JKA_stuff/DS2/DS2_Frontend/src/__tests__/App.test.jsx","startTime":1790349383271,"status":"passed","summary":""},{"assertionResults":[{"ancestorTitles":[],"failureMessages":[],"fullName":"explains the lock and opens the owning statement instead of the payment snapshot","location":null,"status":"passed","title":"explains the lock and opens the owning statement instead of the payment snapshot"}],"endTime":1790349383473,"message":"","name":"/Users/jonkimmel/Desktop/Code/JKA_stuff/DS2/DS2_Frontend/src/Components/SentInvoiceNotice.test.js","startTime":1790349383375,"status":"passed","summary":""},{"assertionResults":[{"ancestorTitles":[],"failureMessages":[],"fullName":"F37 admits backend manager-role Manager to ledger pages","location":null,"status":"passed","title":"F37 admits backend manager-role Manager to ledger pages"},{"ancestorTitles":[],"failureMessages":[],"fullName":"F37 admits backend manager-role Admin to ledger pages","location":null,"status":"passed","title":"F37 admits backend manager-role Admin to ledger pages"},{"ancestorTitles":[],"failureMessages":[],"fullName":"F37 admits backend manager-role Super Admin to ledger pages","location":null,"status":"passed","title":"F37 admits backend manager-role Super Admin to ledger pages"},{"ancestorTitles":[],"failureMessages":[],"fullName":"F37 admits backend manager-role Owner to ledger pages","location":null,"status":"passed","title":"F37 admits backend manager-role Owner to ledger pages"},{"ancestorTitles":[],"failureMessages":[],"fullName":"F37 admits backend manager-role owner to ledger pages","location":null,"status":"passed","title":"F37 admits backend manager-role owner to ledger pages"},{"ancestorTitles":[],"failureMessages":[],"fullName":"F37 denies ordinary role User","location":null,"status":"passed","title":"F37 denies ordinary role User"},{"ancestorTitles":[],"failureMessages":[],"fullName":"F37 denies ordinary role employee","location":null,"status":"passed","title":"F37 denies ordinary role employee"},{"ancestorTitles":[],"failureMessages":[],"fullName":"F37 denies ordinary role undefined","location":null,"status":"passed","title":"F37 denies ordinary role undefined"},{"ancestorTitles":[],"failureMessages":[],"fullName":"F37 keeps Owner outside higher-privilege routes","location":null,"status":"passed","title":"F37 keeps Owner outside higher-privilege routes"},{"ancestorTitles":[],"failureMessages":[],"fullName":"F37 keeps Owner outside higher-privilege routes","location":null,"status":"passed","title":"F37 keeps Owner outside higher-privilege routes"}],"endTime":1790349383570,"message":"","name":"/Users/jonkimmel/Desktop/Code/JKA_stuff/DS2/DS2_Frontend/src/Routes/ManagerAndAdminProtectedAccess.test.js","startTime":1790349383477,"status":"passed","summary":""},{"assertionResults":[{"ancestorTitles":[],"failureMessages":[],"fullName":"labels the immutable issued credit separately from its later current balance","location":null,"status":"passed","title":"labels the immutable issued credit separately from its later current balance"}],"endTime":1790349383669,"message":"","name":"/Users/jonkimmel/Desktop/Code/JKA_stuff/DS2/DS2_Frontend/src/Pages/Invoices/InvoiceDetails/InvoiceDetails.credit.test.js","startTime":1790349383575,"status":"passed","summary":""},{"assertionResults":[{"ancestorTitles":["AiSuggestionChip"],"failureMessages":[],"fullName":"AiSuggestionChip shows the AI category and confidence","location":null,"status":"passed","title":"shows the AI category and confidence"},{"ancestorTitles":["AiSuggestionChip"],"failureMessages":[],"fullName":"AiSuggestionChip returns null when no entry is provided","location":null,"status":"passed","title":"returns null when no entry is provided"},{"ancestorTitles":["AiSuggestionChip"],"failureMessages":[],"fullName":"AiSuggestionChip falls back to suggested customer name when no category","location":null,"status":"passed","title":"falls back to suggested customer name when no category"},{"ancestorTitles":["AiSuggestionChip"],"failureMessages":[],"fullName":"AiSuggestionChip omits the confidence segment when ai_confidence is null","location":null,"status":"passed","title":"omits the confidence segment when ai_confidence is null"}],"endTime":1790349383768,"message":"","name":"/Users/jonkimmel/Desktop/Code/JKA_stuff/DS2/DS2_Frontend/src/Pages/Transactions/BillingReview/components/AiSuggestionChip.test.js","startTime":1790349383673,"status":"passed","summary":""},{"assertionResults":[{"ancestorTitles":[],"failureMessages":[],"fullName":"leaves unlocked grids alone","location":null,"status":"passed","title":"leaves unlocked grids alone"},{"ancestorTitles":[],"failureMessages":[],"fullName":"keeps a visible status after feature column filtering","location":null,"status":"passed","title":"keeps a visible status after feature column filtering"},{"ancestorTitles":[],"failureMessages":[],"fullName":"adds a visible duplicate badge linking to its review after grid filtering","location":null,"status":"passed","title":"adds a visible duplicate badge linking to its review after grid filtering"}],"endTime":1790349383857,"message":"","name":"/Users/jonkimmel/Desktop/Code/JKA_stuff/DS2/DS2_Frontend/src/Components/DataGrids/sentLockColumn.test.js","startTime":1790349383772,"status":"passed","summary":""},{"assertionResults":[{"ancestorTitles":[],"failureMessages":[],"fullName":"two callbacks in the same event post once; completion releases the guard for an explicit retry","location":null,"status":"passed","title":"two callbacks in the same event post once; completion releases the guard for an explicit retry"}],"endTime":1790349383904,"message":"","name":"/Users/jonkimmel/Desktop/Code/JKA_stuff/DS2/DS2_Frontend/src/Pages/Transactions/TransactionForms/AddTransaction/FormSubComponents/useFinancialSubmit.test.js","startTime":1790349383860,"status":"passed","summary":""},{"assertionResults":[{"ancestorTitles":[],"failureMessages":[],"fullName":"Time refuses {\"selectedCustomer\":null} with a useful message","location":null,"status":"passed","title":"Time refuses {\"selectedCustomer\":null} with a useful message"},{"ancestorTitles":[],"failureMessages":[],"fullName":"Charge refuses {\"selectedDate\":null} with a useful message","location":null,"status":"passed","title":"Charge refuses {\"selectedDate\":null} with a useful message"},{"ancestorTitles":[],"failureMessages":[],"fullName":"Charge refuses {\"selectedDate\":null} with a useful message","location":null,"status":"passed","title":"Charge refuses {\"selectedDate\":null} with a useful message"},{"ancestorTitles":[],"failureMessages":[],"fullName":"Time refuses {\"selectedJob\":null} with a useful message","location":null,"status":"passed","title":"Time refuses {\"selectedJob\":null} with a useful message"},{"ancestorTitles":[],"failureMessages":[],"fullName":"Charge refuses {\"selectedTeamMember\":null} with a useful message","location":null,"status":"passed","title":"Charge refuses {\"selectedTeamMember\":null} with a useful message"},{"ancestorTitles":[],"failureMessages":[],"fullName":"Time refuses {\"selectedGeneralWorkDescription\":null} with a useful message","location":null,"status":"passed","title":"Time refuses {\"selectedGeneralWorkDescription\":null} with a useful message"},{"ancestorTitles":[],"failureMessages":[],"fullName":"Time refuses {\"minutes\":\"\"} with a useful message","location":null,"status":"passed","title":"Time refuses {\"minutes\":\"\"} with a useful message"},{"ancestorTitles":[],"failureMessages":[],"fullName":"Time refuses {\"minutes\":null} with a useful message","location":null,"status":"passed","title":"Time refuses {\"minutes\":null} with a useful message"},{"ancestorTitles":[],"failureMessages":[],"fullName":"Time refuses {} with a useful message","location":null,"status":"passed","title":"Time refuses {} with a useful message"},{"ancestorTitles":[],"failureMessages":[],"fullName":"Time refuses {\"minutes\":-1} with a useful message","location":null,"status":"passed","title":"Time refuses {\"minutes\":-1} with a useful message"},{"ancestorTitles":[],"failureMessages":[],"fullName":"Time refuses {\"minutes\":0} with a useful message","location":null,"status":"passed","title":"Time refuses {\"minutes\":0} with a useful message"},{"ancestorTitles":[],"failureMessages":[],"fullName":"Time refuses {\"minutes\":null} with a useful message","location":null,"status":"passed","title":"Time refuses {\"minutes\":null} with a useful message"},{"ancestorTitles":[],"failureMessages":[],"fullName":"Time refuses {\"minutes\":\"garbage\"} with a useful message","location":null,"status":"passed","title":"Time refuses {\"minutes\":\"garbage\"} with a useful message"},{"ancestorTitles":[],"failureMessages":[],"fullName":"Charge refuses {\"quantity\":\"\"} with a useful message","location":null,"status":"passed","title":"Charge refuses {\"quantity\":\"\"} with a useful message"},{"ancestorTitles":[],"failureMessages":[],"fullName":"Charge refuses {\"quantity\":null} with a useful message","location":null,"status":"passed","title":"Charge refuses {\"quantity\":null} with a useful message"},{"ancestorTitles":[],"failureMessages":[],"fullName":"Charge refuses {} with a useful message","location":null,"status":"passed","title":"Charge refuses {} with a useful message"},{"ancestorTitles":[],"failureMessages":[],"fullName":"Charge refuses {\"quantity\":-1} with a useful message","location":null,"status":"passed","title":"Charge refuses {\"quantity\":-1} with a useful message"},{"ancestorTitles":[],"failureMessages":[],"fullName":"Charge refuses {\"quantity\":null} with a useful message","location":null,"status":"passed","title":"Charge refuses {\"quantity\":null} with a useful message"},{"ancestorTitles":[],"failureMessages":[],"fullName":"Charge refuses {\"quantity\":\"garbage\"} with a useful message","location":null,"status":"passed","title":"Charge refuses {\"quantity\":\"garbage\"} with a useful message"},{"ancestorTitles":[],"failureMessages":[],"fullName":"Charge refuses {\"unitCost\":\"\"} with a useful message","location":null,"status":"passed","title":"Charge refuses {\"unitCost\":\"\"} with a useful message"},{"ancestorTitles":[],"failureMessages":[],"fullName":"Charge refuses {\"unitCost\":null} with a useful message","location":null,"status":"passed","title":"Charge refuses {\"unitCost\":null} with a useful message"},{"ancestorTitles":[],"failureMessages":[],"fullName":"Charge refuses {} with a useful message","location":null,"status":"passed","title":"Charge refuses {} with a useful message"},{"ancestorTitles":[],"failureMessages":[],"fullName":"Charge refuses {\"unitCost\":-1} with a useful message","location":null,"status":"passed","title":"Charge refuses {\"unitCost\":-1} with a useful message"},{"ancestorTitles":[],"failureMessages":[],"fullName":"Charge refuses {\"unitCost\":null} with a useful message","location":null,"status":"passed","title":"Charge refuses {\"unitCost\":null} with a useful message"},{"ancestorTitles":[],"failureMessages":[],"fullName":"Charge refuses {\"unitCost\":\"garbage\"} with a useful message","location":null,"status":"passed","title":"Charge refuses {\"unitCost\":\"garbage\"} with a useful message"},{"ancestorTitles":[],"failureMessages":[],"fullName":"Retainer refuses {\"unitCost\":\"\"} with a useful message","location":null,"status":"passed","title":"Retainer refuses {\"unitCost\":\"\"} with a useful message"},{"ancestorTitles":[],"failureMessages":[],"fullName":"Retainer refuses {\"unitCost\":null} with a useful message","location":null,"status":"passed","title":"Retainer refuses {\"unitCost\":null} with a useful message"},{"ancestorTitles":[],"failureMessages":[],"fullName":"Retainer refuses {} with a useful message","location":null,"status":"passed","title":"Retainer refuses {} with a useful message"},{"ancestorTitles":[],"failureMessages":[],"fullName":"Retainer refuses {\"unitCost\":0} with a useful message","location":null,"status":"passed","title":"Retainer refuses {\"unitCost\":0} with a useful message"},{"ancestorTitles":[],"failureMessages":[],"fullName":"Retainer refuses {\"unitCost\":0.001} with a useful message","location":null,"status":"passed","title":"Retainer refuses {\"unitCost\":0.001} with a useful message"},{"ancestorTitles":[],"failureMessages":[],"fullName":"Retainer refuses {\"unitCost\":null} with a useful message","location":null,"status":"passed","title":"Retainer refuses {\"unitCost\":null} with a useful message"},{"ancestorTitles":[],"failureMessages":[],"fullName":"Retainer refuses {\"unitCost\":\"garbage\"} with a useful message","location":null,"status":"passed","title":"Retainer refuses {\"unitCost\":\"garbage\"} with a useful message"},{"ancestorTitles":[],"failureMessages":[],"fullName":"WriteOff refuses {\"unitCost\":100000000} with a useful message","location":null,"status":"passed","title":"WriteOff refuses {\"unitCost\":100000000} with a useful message"},{"ancestorTitles":[],"failureMessages":[],"fullName":"Charge preserves valid zero charges, exact time and signed credits","location":null,"status":"passed","title":"Charge preserves valid zero charges, exact time and signed credits"},{"ancestorTitles":[],"failureMessages":[],"fullName":"Time preserves valid zero charges, exact time and signed credits","location":null,"status":"passed","title":"Time preserves valid zero charges, exact time and signed credits"},{"ancestorTitles":[],"failureMessages":[],"fullName":"Retainer preserves valid zero charges, exact time and signed credits","location":null,"status":"passed","title":"Retainer preserves valid zero charges, exact time and signed credits"},{"ancestorTitles":[],"failureMessages":[],"fullName":"WriteOff preserves valid zero charges, exact time and signed credits","location":null,"status":"passed","title":"WriteOff preserves valid zero charges, exact time and signed credits"}],"endTime":1790349383937,"message":"","name":"/Users/jonkimmel/Desktop/Code/JKA_stuff/DS2/DS2_Frontend/src/Pages/Transactions/TransactionForms/AddTransaction/FormSubComponents/FinancialValidation.test.js","startTime":1790349383907,"status":"passed","summary":""},{"assertionResults":[{"ancestorTitles":["PendingPaymentsCalls — atomic approval only"],"failureMessages":[],"fullName":"PendingPaymentsCalls — atomic approval only no longer exports the legacy two-step PUT approval","location":null,"status":"passed","title":"no longer exports the legacy two-step PUT approval"},{"ancestorTitles":["PendingPaymentsCalls — atomic approval only"],"failureMessages":[],"fullName":"PendingPaymentsCalls — atomic approval only approvePendingPaymentAtomic sends exactly one POST and never a PUT","location":null,"status":"passed","title":"approvePendingPaymentAtomic sends exactly one POST and never a PUT"},{"ancestorTitles":["PendingPaymentsCalls — atomic approval only"],"failureMessages":[],"fullName":"PendingPaymentsCalls — atomic approval only a non-JSON 404 (route not deployed) is recognised as \"approval unavailable\" — a hard stop","location":null,"status":"passed","title":"a non-JSON 404 (route not deployed) is recognised as \"approval unavailable\" — a hard stop"},{"ancestorTitles":["PendingPaymentsCalls — atomic approval only"],"failureMessages":[],"fullName":"PendingPaymentsCalls — atomic approval only the API's own business-logic 404 (JSON with a numeric status) is NOT a missing route","location":null,"status":"passed","title":"the API's own business-logic 404 (JSON with a numeric status) is NOT a missing route"},{"ancestorTitles":["PendingPaymentsCalls — atomic approval only"],"failureMessages":[],"fullName":"PendingPaymentsCalls — atomic approval only a rejected POST propagates without any second request","location":null,"status":"passed","title":"a rejected POST propagates without any second request"}],"endTime":1790349383968,"message":"","name":"/Users/jonkimmel/Desktop/Code/JKA_stuff/DS2/DS2_Frontend/src/Services/ApiCalls/PendingPaymentsCalls.test.js","startTime":1790349383941,"status":"passed","summary":""},{"assertionResults":[{"ancestorTitles":["notificationRouting routeFor"],"failureMessages":[],"fullName":"notificationRouting routeFor routes tracker_upload_processed to history","location":null,"status":"passed","title":"routes tracker_upload_processed to history"},{"ancestorTitles":["notificationRouting routeFor"],"failureMessages":[],"fullName":"notificationRouting routeFor routes rows_held_for_review to billingReview needsReview tab","location":null,"status":"passed","title":"routes rows_held_for_review to billingReview needsReview tab"},{"ancestorTitles":["notificationRouting routeFor"],"failureMessages":[],"fullName":"notificationRouting routeFor routes new_customer_needs_addition to billingReview needsReview tab","location":null,"status":"passed","title":"routes new_customer_needs_addition to billingReview needsReview tab"},{"ancestorTitles":["notificationRouting routeFor"],"failureMessages":[],"fullName":"notificationRouting routeFor routes ai_processing_failed to billingReview needsReview tab","location":null,"status":"passed","title":"routes ai_processing_failed to billingReview needsReview tab"},{"ancestorTitles":["notificationRouting routeFor"],"failureMessages":[],"fullName":"notificationRouting routeFor falls back to billingReview root for unknown types","location":null,"status":"passed","title":"falls back to billingReview root for unknown types"}],"endTime":1790349383997,"message":"","name":"/Users/jonkimmel/Desktop/Code/JKA_stuff/DS2/DS2_Frontend/src/Components/Notifications/notificationRouting.test.js","startTime":1790349383971,"status":"passed","summary":""},{"assertionResults":[{"ancestorTitles":[],"failureMessages":[],"fullName":"retainer deletion preserves the server failure for its form to display","location":null,"status":"passed","title":"retainer deletion preserves the server failure for its form to display"}],"endTime":1790349384028,"message":"","name":"/Users/jonkimmel/Desktop/Code/JKA_stuff/DS2/DS2_Frontend/src/Services/ApiCalls/DeleteCalls.failure.test.js","startTime":1790349384002,"status":"passed","summary":""},{"assertionResults":[{"ancestorTitles":[],"failureMessages":[],"fullName":"uses account/customer-scoped routes, exact range and record identity","location":null,"status":"passed","title":"uses account/customer-scoped routes, exact range and record identity"},{"ancestorTitles":[],"failureMessages":[],"fullName":"propagates failures instead of pretending a record was printed","location":null,"status":"passed","title":"propagates failures instead of pretending a record was printed"},{"ancestorTitles":[],"failureMessages":[],"fullName":"downloads the stored PDF and releases the object URL","location":null,"status":"passed","title":"downloads the stored PDF and releases the object URL"}],"endTime":1790349384060,"message":"","name":"/Users/jonkimmel/Desktop/Code/JKA_stuff/DS2/DS2_Frontend/src/Services/ApiCalls/AuditRecordCalls.test.js","startTime":1790349384031,"status":"passed","summary":""},{"assertionResults":[{"ancestorTitles":[],"failureMessages":[],"fullName":"loads and records retainer events at the selected root","location":null,"status":"passed","title":"loads and records retainer events at the selected root"},{"ancestorTitles":[],"failureMessages":[],"fullName":"routes list","location":null,"status":"passed","title":"routes list"},{"ancestorTitles":[],"failureMessages":[],"fullName":"routes scan","location":null,"status":"passed","title":"routes scan"},{"ancestorTitles":[],"failureMessages":[],"fullName":"routes flag","location":null,"status":"passed","title":"routes flag"},{"ancestorTitles":[],"failureMessages":[],"fullName":"routes resolve","location":null,"status":"passed","title":"routes resolve"},{"ancestorTitles":[],"failureMessages":[],"fullName":"retains conflict messages and handles network failures","location":null,"status":"passed","title":"retains conflict messages and handles network failures"}],"endTime":1790349384092,"message":"","name":"/Users/jonkimmel/Desktop/Code/JKA_stuff/DS2/DS2_Frontend/src/Services/ApiCalls/LedgerReviewCalls.test.js","startTime":1790349384064,"status":"passed","summary":""},{"assertionResults":[{"ancestorTitles":["SharedPostObjects date fields"],"failureMessages":[],"fullName":"SharedPostObjects date fields formObjectForTransactionPost sends transactionDate as a bare calendar date","location":null,"status":"passed","title":"formObjectForTransactionPost sends transactionDate as a bare calendar date"},{"ancestorTitles":["SharedPostObjects date fields"],"failureMessages":[],"fullName":"SharedPostObjects date fields formObjectForPaymentPost sends transactionDate as a bare calendar date","location":null,"status":"passed","title":"formObjectForPaymentPost sends transactionDate as a bare calendar date"},{"ancestorTitles":["SharedPostObjects date fields"],"failureMessages":[],"fullName":"SharedPostObjects date fields formObjectForWriteOffPost sends selectedDate as a bare calendar date (writeOffsObjects.js reads it directly as writeoff_date)","location":null,"status":"passed","title":"formObjectForWriteOffPost sends selectedDate as a bare calendar date (writeOffsObjects.js reads it directly as writeoff_date)"},{"ancestorTitles":["SharedPostObjects date fields"],"failureMessages":[],"fullName":"SharedPostObjects date fields formObjectForRetainerPost sends selectedDate as a bare calendar date via the shared base object","location":null,"status":"passed","title":"formObjectForRetainerPost sends selectedDate as a bare calendar date via the shared base object"},{"ancestorTitles":["SharedPostObjects date fields"],"failureMessages":[],"fullName":"SharedPostObjects date fields formats a plain date string the same way as a dayjs object","location":null,"status":"passed","title":"formats a plain date string the same way as a dayjs object"},{"ancestorTitles":["SharedPostObjects date fields"],"failureMessages":[],"fullName":"SharedPostObjects date fields leaves a missing date alone instead of defaulting to \"today\"","location":null,"status":"passed","title":"leaves a missing date alone instead of defaulting to \"today\""},{"ancestorTitles":["account settings payload key mapping"],"failureMessages":[],"fullName":"account settings payload key mapping formObjectForUpdateAccountPost maps camelCase form fields to the snake_case keys the backend reads","location":null,"status":"passed","title":"formObjectForUpdateAccountPost maps camelCase form fields to the snake_case keys the backend reads"},{"ancestorTitles":["account settings payload key mapping"],"failureMessages":[],"fullName":"account settings payload key mapping formObjectForAccountAddressUpdate maps camelCase address fields to the snake_case keys the backend reads, including account_info_id","location":null,"status":"passed","title":"formObjectForAccountAddressUpdate maps camelCase address fields to the snake_case keys the backend reads, including account_info_id"},{"ancestorTitles":["account settings payload key mapping"],"failureMessages":[],"fullName":"account settings payload key mapping formObjectForUpdateAccountPost never sends is_account_active, created_at, or any account_information field","location":null,"status":"passed","title":"formObjectForUpdateAccountPost never sends is_account_active, created_at, or any account_information field"},{"ancestorTitles":["account settings payload key mapping"],"failureMessages":[],"fullName":"account settings payload key mapping formObjectForAccountAddressUpdate never sends is_account_active, created_at, or any accounts-table business field","location":null,"status":"passed","title":"formObjectForAccountAddressUpdate never sends is_account_active, created_at, or any accounts-table business field"}],"endTime":1790349384125,"message":"","name":"/Users/jonkimmel/Desktop/Code/JKA_stuff/DS2/DS2_Frontend/src/Services/SharedPostObjects/SharedPostObjects.test.js","startTime":1790349384095,"status":"passed","summary":""},{"assertionResults":[{"ancestorTitles":["manual time increment boundaries"],"failureMessages":[],"fullName":"manual time increment boundaries 1 minutes -> 0.1h -> $13.75","location":null,"status":"passed","title":"1 minutes -> 0.1h -> $13.75"},{"ancestorTitles":["manual time increment boundaries"],"failureMessages":[],"fullName":"manual time increment boundaries 6 minutes -> 0.1h -> $13.75","location":null,"status":"passed","title":"6 minutes -> 0.1h -> $13.75"},{"ancestorTitles":["manual time increment boundaries"],"failureMessages":[],"fullName":"manual time increment boundaries 7 minutes -> 0.2h -> $27.5","location":null,"status":"passed","title":"7 minutes -> 0.2h -> $27.5"},{"ancestorTitles":["manual time increment boundaries"],"failureMessages":[],"fullName":"manual time increment boundaries 14 minutes -> 0.3h -> $41.25","location":null,"status":"passed","title":"14 minutes -> 0.3h -> $41.25"},{"ancestorTitles":["manual time increment boundaries"],"failureMessages":[],"fullName":"manual time increment boundaries 15 minutes -> 0.3h -> $41.25","location":null,"status":"passed","title":"15 minutes -> 0.3h -> $41.25"},{"ancestorTitles":["manual time increment boundaries"],"failureMessages":[],"fullName":"manual time increment boundaries 16 minutes -> 0.3h -> $41.25","location":null,"status":"passed","title":"16 minutes -> 0.3h -> $41.25"},{"ancestorTitles":["manual time increment boundaries"],"failureMessages":[],"fullName":"manual time increment boundaries 59 minutes -> 1h -> $137.5","location":null,"status":"passed","title":"59 minutes -> 1h -> $137.5"},{"ancestorTitles":["manual time increment boundaries"],"failureMessages":[],"fullName":"manual time increment boundaries 60 minutes -> 1h -> $137.5","location":null,"status":"passed","title":"60 minutes -> 1h -> $137.5"},{"ancestorTitles":["manual time increment boundaries"],"failureMessages":[],"fullName":"manual time increment boundaries 61 minutes -> 1.1h -> $151.25","location":null,"status":"passed","title":"61 minutes -> 1.1h -> $151.25"},{"ancestorTitles":["manual time increment boundaries"],"failureMessages":[],"fullName":"manual time increment boundaries zero is zero; invalid or reversed timers refuse; half-cent prices round up","location":null,"status":"passed","title":"zero is zero; invalid or reversed timers refuse; half-cent prices round up"}],"endTime":1790349384156,"message":"","name":"/Users/jonkimmel/Desktop/Code/JKA_stuff/DS2/DS2_Frontend/src/Pages/Transactions/TransactionForms/AddTransaction/FormSubComponents/TimeTrackingIncrements.test.js","startTime":1790349384128,"status":"passed","summary":""},{"assertionResults":[{"ancestorTitles":[],"failureMessages":[],"fullName":"gets history through the scoped endpoint","location":null,"status":"passed","title":"gets history through the scoped endpoint"},{"ancestorTitles":[],"failureMessages":[],"fullName":"posts the selected correction action","location":null,"status":"passed","title":"posts the selected correction action"},{"ancestorTitles":[],"failureMessages":[],"fullName":"preserves a server conflict message","location":null,"status":"passed","title":"preserves a server conflict message"},{"ancestorTitles":[],"failureMessages":[],"fullName":"reports transport failure","location":null,"status":"passed","title":"reports transport failure"}],"endTime":1790349384189,"message":"","name":"/Users/jonkimmel/Desktop/Code/JKA_stuff/DS2/DS2_Frontend/src/Services/ApiCalls/InvoiceExceptionCalls.test.js","startTime":1790349384161,"status":"passed","summary":""},{"assertionResults":[{"ancestorTitles":["fetchCustomerProfileInformation"],"failureMessages":[],"fullName":"fetchCustomerProfileInformation preserves status and message from a real HTTP 404 instead of returning []","location":null,"status":"passed","title":"preserves status and message from a real HTTP 404 instead of returning []"},{"ancestorTitles":["fetchCustomerProfileInformation"],"failureMessages":[],"fullName":"fetchCustomerProfileInformation falls back to the response status/a generic message when the body carries no status/message of its own","location":null,"status":"passed","title":"falls back to the response status/a generic message when the body carries no status/message of its own"},{"ancestorTitles":["fetchCustomerProfileInformation"],"failureMessages":[],"fullName":"fetchCustomerProfileInformation falls back to 500 for a network failure with no response at all","location":null,"status":"passed","title":"falls back to 500 for a network failure with no response at all"}],"endTime":1790349384219,"message":"","name":"/Users/jonkimmel/Desktop/Code/JKA_stuff/DS2/DS2_Frontend/src/Services/ApiCalls/FetchCalls.test.js","startTime":1790349384192,"status":"passed","summary":""},{"assertionResults":[{"ancestorTitles":["getOpenInvoicesForPayment"],"failureMessages":[],"fullName":"getOpenInvoicesForPayment excludes an absorbed same-day parent — its positive historical child balance never resurfaces — and keeps the current parent","location":null,"status":"passed","title":"excludes an absorbed same-day parent — its positive historical child balance never resurfaces — and keeps the current parent"},{"ancestorTitles":["getOpenInvoicesForPayment"],"failureMessages":[],"fullName":"getOpenInvoicesForPayment excludes an absorbed parent even when its own remaining_balance_on_invoice is a stale nonzero value","location":null,"status":"passed","title":"excludes an absorbed parent even when its own remaining_balance_on_invoice is a stale nonzero value"},{"ancestorTitles":["getOpenInvoicesForPayment"],"failureMessages":[],"fullName":"getOpenInvoicesForPayment keeps two genuinely independent, unmarked same-date roots — both offered, largest balance first","location":null,"status":"passed","title":"keeps two genuinely independent, unmarked same-date roots — both offered, largest balance first"},{"ancestorTitles":["getOpenInvoicesForPayment"],"failureMessages":[],"fullName":"getOpenInvoicesForPayment returns [] for no rows and for rows with no parent invoices","location":null,"status":"passed","title":"returns [] for no rows and for rows with no parent invoices"},{"ancestorTitles":["getOpenInvoicesForPayment"],"failureMessages":[],"fullName":"getOpenInvoicesForPayment a live parent retains its ID and uses the latest snapshot remaining balance","location":null,"status":"passed","title":"a live parent retains its ID and uses the latest snapshot remaining balance"},{"ancestorTitles":[],"failureMessages":[],"fullName":"closes an immutable parent using its newest zero absorption snapshot","location":null,"status":"passed","title":"closes an immutable parent using its newest zero absorption snapshot"},{"ancestorTitles":[],"failureMessages":[],"fullName":"hides settled issued parents and reopens after a newer reversal, with timestamp and ID ordering","location":null,"status":"passed","title":"hides settled issued parents and reopens after a newer reversal, with timestamp and ID ordering"}],"endTime":1790349384251,"message":"","name":"/Users/jonkimmel/Desktop/Code/JKA_stuff/DS2/DS2_Frontend/src/Services/SharedFunctions.test.js","startTime":1790349384224,"status":"passed","summary":""},{"assertionResults":[{"ancestorTitles":["handleTimeCalculation"],"failureMessages":[],"fullName":"handleTimeCalculation prices quantity/unitCost off the CURRENT team member, not a stale one","location":null,"status":"passed","title":"prices quantity/unitCost off the CURRENT team member, not a stale one"},{"ancestorTitles":["handleTimeCalculation"],"failureMessages":[],"fullName":"handleTimeCalculation preserves raw minutes while every billing path applies the six-minute rule","location":null,"status":"passed","title":"preserves raw minutes while every billing path applies the six-minute rule"},{"ancestorTitles":["handleTimeCalculation"],"failureMessages":[],"fullName":"handleTimeCalculation resets minutes (not just quantity/unitCost) when the duration is cleared","location":null,"status":"passed","title":"resets minutes (not just quantity/unitCost) when the duration is cleared"},{"ancestorTitles":["handleBillableStatus"],"failureMessages":[],"fullName":"handleBillableStatus forces non-billable for a recurring customer's regular (non-additional) work","location":null,"status":"passed","title":"forces non-billable for a recurring customer's regular (non-additional) work"},{"ancestorTitles":["handleBillableStatus"],"failureMessages":[],"fullName":"handleBillableStatus flips billable back on when marked \"in addition to\" the monthly charge","location":null,"status":"passed","title":"flips billable back on when marked \"in addition to\" the monthly charge"},{"ancestorTitles":["handleBillableStatus"],"failureMessages":[],"fullName":"handleBillableStatus leaves billable untouched for a non-recurring customer","location":null,"status":"passed","title":"leaves billable untouched for a non-recurring customer"}],"endTime":1790349384283,"message":"","name":"/Users/jonkimmel/Desktop/Code/JKA_stuff/DS2/DS2_Frontend/src/Pages/Transactions/TransactionForms/AddTransaction/FormSubComponents/SharedTransactionsFunctions.test.js","startTime":1790349384254,"status":"passed","summary":""}],"wasInterrupted":false}